<?xml version="1.0" encoding="UTF-8"?>
<!-- Generated by org.testng.reporters.JUnitReportReporter -->
<testsuite skipped="0" hostname="DESKTOP-MFILMAC" name="abcpack.Dependency1" tests="2" failures="0" timestamp="2022-06-08T18:33:31 PDT" time="11.062" errors="0">
  <testcase name="login" time="5.578" classname="abcpack.Dependency1"/>
  <testcase name="sbi" time="5.484" classname="abcpack.Dependency1"/>
</testsuite> <!-- abcpack.Dependency1 -->
