<?xml version="1.0" encoding="UTF-8"?>
<!-- Generated by org.testng.reporters.JUnitReportReporter -->
<testsuite hostname="DESKTOP-MFILMAC" failures="0" tests="1" name="abcpack.PayUserMysql" time="41.382" errors="0" timestamp="2022-06-03T00:13:13 PDT" skipped="0">
  <testcase classname="abcpack.PayUserMysql" name="testLogin" time="41.382"/>
</testsuite> <!-- abcpack.PayUserMysql -->
