<?xml version="1.0" encoding="UTF-8"?>
<!-- Generated by org.testng.reporters.JUnitReportReporter -->
<testsuite hostname="DESKTOP-MFILMAC" failures="0" tests="1" name="abcpack.ExcelPayements" time="12.617" errors="0" timestamp="2022-05-24T06:10:08 PDT" skipped="0">
  <testcase classname="abcpack.ExcelPayements" name="testLogin" time="12.617"/>
</testsuite> <!-- abcpack.ExcelPayements -->
