<?xml version="1.0" encoding="UTF-8"?>
<!-- Generated by org.testng.reporters.JUnitReportReporter -->
<testsuite hostname="DESKTOP-MFILMAC" failures="0" tests="1" name="Second.Pom1Dem0" time="16.478" errors="0" timestamp="2022-05-25T08:45:01 PDT" skipped="0">
  <testcase classname="Second.Pom1Dem0" name="testLogin" time="16.478"/>
</testsuite> <!-- Second.Pom1Dem0 -->
