<?xml version="1.0" encoding="UTF-8"?>
<!-- Generated by org.testng.reporters.JUnitReportReporter -->
<testsuite hostname="DESKTOP-MFILMAC" failures="0" tests="4" name="abcpack.Gt1$GT1" time="0.014" errors="0" timestamp="2022-06-08T21:30:39 PDT" skipped="0">
  <testcase classname="abcpack.Gt1$GT1" name="meth2" time="0.002"/>
  <testcase classname="abcpack.Gt1$GT1" name="meth1" time="0.010"/>
  <testcase classname="abcpack.Gt1$GT1" name="meth4" time="0.001"/>
  <testcase classname="abcpack.Gt1$GT1" name="meth3" time="0.001"/>
</testsuite> <!-- abcpack.Gt1$GT1 -->
