<?xml version="1.0" encoding="UTF-8"?>
<!-- Generated by org.testng.reporters.JUnitReportReporter -->
<testsuite hostname="DESKTOP-MFILMAC" failures="0" tests="1" name="Second.Pom" time="18.979" errors="0" timestamp="2022-05-25T08:27:37 PDT" skipped="0">
  <testcase classname="Second.Pom" name="testLogin" time="18.979"/>
</testsuite> <!-- Second.Pom -->
