<?xml version="1.0" encoding="UTF-8"?>
<!-- Generated by org.testng.reporters.JUnitReportReporter -->
<testsuite hostname="DESKTOP-MFILMAC" failures="0" tests="1" name="abcpack.QR" time="24.111" errors="0" timestamp="2022-05-25T01:33:19 PDT" skipped="0">
  <testcase classname="abcpack.QR" name="testLogin" time="24.111"/>
</testsuite> <!-- abcpack.QR -->
