<?xml version="1.0" encoding="UTF-8"?>
<!-- Generated by org.testng.reporters.JUnitReportReporter -->
<testsuite hostname="DESKTOP-MFILMAC" failures="0" tests="1" name="abcpack.ReceivePayement1" time="34.188" errors="0" timestamp="2022-06-14T03:04:04 PDT" skipped="0">
  <testcase classname="abcpack.ReceivePayement1" name="testLogin" time="34.188"/>
</testsuite> <!-- abcpack.ReceivePayement1 -->
