<?xml version="1.0" encoding="UTF-8"?>
<!-- Generated by org.testng.reporters.JUnitReportReporter -->
<testsuite hostname="DESKTOP-MFILMAC" failures="0" tests="4" name="abcpack.Priority" time="33.655" errors="0" timestamp="2022-05-24T20:01:51 PDT" skipped="0">
  <testcase classname="abcpack.Priority" name="meth2" time="15.512"/>
  <testcase classname="abcpack.Priority" name="meth4" time="6.534"/>
  <testcase classname="abcpack.Priority" name="meth1" time="8.755"/>
  <testcase classname="abcpack.Priority" name="meth3" time="2.854"/>
</testsuite> <!-- abcpack.Priority -->
