<?xml version="1.0" encoding="UTF-8"?>
<!-- Generated by org.testng.reporters.JUnitReportReporter -->
<testsuite hostname="DESKTOP-MFILMAC" failures="0" tests="2" name="abcpack.Dependency1" time="14.430" errors="0" timestamp="2022-06-03T00:09:27 PDT" skipped="0">
  <testcase classname="abcpack.Dependency1" name="login" time="5.365"/>
  <testcase classname="abcpack.Dependency1" name="sbi" time="9.065"/>
</testsuite> <!-- abcpack.Dependency1 -->
