<?xml version="1.0" encoding="UTF-8"?>
<!-- Generated by org.testng.reporters.JUnitReportReporter -->
<testsuite hostname="DESKTOP-MFILMAC" failures="0" tests="1" name="abcpack.Cyclos" time="8.068" errors="0" timestamp="2022-06-04T23:57:50 PDT" skipped="0">
  <testcase classname="abcpack.Cyclos" name="testLogin" time="8.068"/>
</testsuite> <!-- abcpack.Cyclos -->
