<?xml version="1.0" encoding="UTF-8"?>
<!-- Generated by org.testng.reporters.JUnitReportReporter -->
<testsuite hostname="DESKTOP-MFILMAC" failures="0" tests="2" name="abcpack.DependencyTest" time="63.034" errors="0" timestamp="2022-05-25T04:34:13 PDT" skipped="0">
  <testcase classname="abcpack.DependencyTest" name="login" time="29.921"/>
  <testcase classname="abcpack.DependencyTest" name="sbi" time="33.113"/>
</testsuite> <!-- abcpack.DependencyTest -->
